  Moc'ing aboutwindow.h...
  Moc'ing mainwindow.h...
  Generate moc_predefs.h
  Uic'ing aboutwindow.ui...
  Uic'ing mainwindow.ui...
D:\m1899\Documents\temp\untitled\mainwindow.ui : warning : The name 'layoutWidget' (QWidget) is already in use, defaulting to 'layoutWidget1'.
D:\m1899\Documents\temp\untitled\mainwindow.ui : warning : The name 'layoutWidget' (QWidget) is already in use, defaulting to 'layoutWidget2'.
D:\m1899\Documents\temp\untitled\mainwindow.ui : warning : The name 'layoutWidget' (QWidget) is already in use, defaulting to 'layoutWidget3'.
D:\m1899\Documents\temp\untitled\mainwindow.ui : warning : The name 'layoutWidget' (QWidget) is already in use, defaulting to 'layoutWidget4'.
D:\m1899\Documents\temp\untitled\mainwindow.ui : warning : The name 'layoutWidget' (QWidget) is already in use, defaulting to 'layoutWidget5'.
  Rcc'ing resorse.qrc...
  aboutwindow.cpp
  moc_aboutwindow.cpp
  moc_mainwindow.cpp
  main.cpp
  mainwindow.cpp
  正在生成代码...
  qrc_resorse.cpp
  untitled.vcxproj -> D:\m1899\Documents\temp\untitled\debug\untitled.exe
  untitled.vcxproj -> debug\untitled.pdb (Full PDB)
